# Preference setting overrides
gui_create_pref_key -category {Globals} -key {load_detail_for_funcov} -value_type {bool} -value {false}
gui_create_pref_category -category {schem_obj_name}
gui_create_pref_key -category {schem_obj_name} -key {show_cell_and_pin_with_symbol_name} -value_type {bool} -value {false}
gui_create_pref_key -category {schem_pin_hc} -key {textExtFont} -value_type {string} -value {Helvetica,10,-1,5,50,0,0,0,0,0}

# State setting overrides
gui_state_default_create -off -ini
gui_set_state_value -category Globals -key open_list_inside -value true
gui_set_state_value -category Globals -key open_memory_inside -value false
gui_set_state_value -category Globals -key open_source_inside -value false
gui_set_state_value -category Globals -key recent_sessions -value {{gui_load_session -file /home/titan/engrkashif/Multiplier_Example/adders/aprojects/genvar/DVEfiles/crash_05.23:17.17/dve_session05.23:17.17.tcl} {gui_load_session -file /home/titan/engrkashif/Multiplier_Example/KProjetcs/DVEfiles/dve_checkpoint_24732_1.tcl}}
gui_set_state_value -category Layout -key child_console_size_x -value 1825
gui_set_state_value -category Layout -key child_console_size_y -value 140
gui_set_state_value -category Layout -key child_data_size_x -value 223
gui_set_state_value -category Layout -key child_data_size_y -value 872
gui_set_state_value -category Layout -key child_driver_showstate -value normal
gui_set_state_value -category Layout -key child_driver_size_x -value 474
gui_set_state_value -category Layout -key child_driver_size_y -value 179
gui_set_state_value -category Layout -key child_hier_size_x -value 136
gui_set_state_value -category Layout -key child_hier_size_y -value 872
gui_set_state_value -category Layout -key child_list_docknewline -value false
gui_set_state_value -category Layout -key child_list_down -value 722
gui_set_state_value -category Layout -key child_list_pos_x -value {-2}
gui_set_state_value -category Layout -key child_list_pos_y -value {-15}
gui_set_state_value -category Layout -key child_list_right -value 1297
gui_set_state_value -category Layout -key child_list_size_x -value 1457
gui_set_state_value -category Layout -key child_list_size_y -value 867
gui_set_state_value -category Layout -key child_schematic_docknewline -value false
gui_set_state_value -category Layout -key child_schematic_pos_x -value {-2}
gui_set_state_value -category Layout -key child_schematic_pos_y -value {-15}
gui_set_state_value -category Layout -key child_schematic_size_x -value 1859
gui_set_state_value -category Layout -key child_schematic_size_y -value 958
gui_set_state_value -category Layout -key child_source_docknewline -value false
gui_set_state_value -category Layout -key child_source_pos_x -value {-2}
gui_set_state_value -category Layout -key child_source_pos_y -value {-15}
gui_set_state_value -category Layout -key child_source_size_x -value 474
gui_set_state_value -category Layout -key child_source_size_y -value 120
gui_set_state_value -category Layout -key child_wave_colname -value 264
gui_set_state_value -category Layout -key child_wave_colvalue -value 264
gui_set_state_value -category Layout -key child_wave_docknewline -value false
gui_set_state_value -category Layout -key child_wave_left -value 533
gui_set_state_value -category Layout -key child_wave_pos_x -value {-2}
gui_set_state_value -category Layout -key child_wave_pos_y -value {-15}
gui_set_state_value -category Layout -key child_wave_right -value 1300
gui_set_state_value -category Layout -key child_wave_size_x -value 1116
gui_set_state_value -category Layout -key child_wave_size_y -value 467
gui_set_state_value -category Layout -key main_pos_x -value 65
gui_set_state_value -category Layout -key main_pos_y -value 80
gui_set_state_value -category Layout -key main_size_x -value 1890
gui_set_state_value -category Layout -key main_size_y -value 1199
gui_set_state_value -category Layout -key stand_source_child_docknewline -value false
gui_set_state_value -category Layout -key stand_source_child_pos_x -value {-2}
gui_set_state_value -category Layout -key stand_source_child_pos_y -value {-15}
gui_set_state_value -category Layout -key stand_source_child_size_x -value 1848
gui_set_state_value -category Layout -key stand_source_child_size_y -value 998
gui_set_state_value -category Layout -key stand_source_top_pos_x -value 74
gui_set_state_value -category Layout -key stand_source_top_pos_y -value 87
gui_set_state_value -category Layout -key stand_source_top_size_x -value 1917
gui_set_state_value -category Layout -key stand_source_top_size_y -value 1197
gui_set_state_value -category Layout -key stand_wave_child_docknewline -value false
gui_set_state_value -category Layout -key stand_wave_child_pos_x -value {-2}
gui_set_state_value -category Layout -key stand_wave_child_pos_y -value {-15}
gui_set_state_value -category Layout -key stand_wave_child_size_x -value 1843
gui_set_state_value -category Layout -key stand_wave_child_size_y -value 965
gui_set_state_value -category Layout -key stand_wave_top_pos_x -value 76
gui_set_state_value -category Layout -key stand_wave_top_pos_y -value 118
gui_set_state_value -category Layout -key stand_wave_top_size_x -value 1914
gui_set_state_value -category Layout -key stand_wave_top_size_y -value 1195
gui_create_state_key -category FindDialog -key m_pMatchCase -value_type bool -value false
gui_create_state_key -category FindDialog -key m_pMatchWord -value_type bool -value false
gui_create_state_key -category FindDialog -key m_pUseCombo -value_type string -value {}
gui_create_state_key -category FindDialog -key m_pWrapAround -value_type bool -value true
gui_create_state_key -category Widget_History -key {dlgSimSetup|m_setupTab|tab pages|SimTab|m_VPDCombo} -value_type string -value inter.vpd
gui_create_state_key -category Widget_History -key {dlgSimSetup|m_setupTab|tab pages|SimTab|m_argsCombo} -value_type string -value {{-ucligui }}
gui_create_state_key -category Widget_History -key {dlgSimSetup|m_setupTab|tab pages|SimTab|m_curDirCombo} -value_type string -value /home/titan/engrkashif/aisoc/projects/systolic_toy
gui_create_state_key -category Widget_History -key {dlgSimSetup|m_setupTab|tab pages|SimTab|m_exeCombo} -value_type string -value {/home/titan/engrkashif/aisoc/projects/systolic_toy/simv ./simv}
gui_create_state_key -category SearchDialog -key MatchCase -value_type bool -value false
gui_create_state_key -category SearchDialog -key MatchWord -value_type bool -value true
gui_create_state_key -category SearchDialog -key SearchMode -value_type string -value Wildcards
gui_create_state_key -category SearchDialog -key UseCombo -value_type bool -value true
gui_state_default_create -off

# Begin command logging
gui_sim_run Ucli -exe ./simv -args {-ucligui  } -dir .
gui_src_highlight_item -id Source.1 -lfrom 23 -idxfrom 0 -fileIdFrom 0 -lto 23 -idxto 15 -fileIdTo 0 -selection {module test1();} -selectionId 0 -replace 0
gui_list_select -id Hier.1 {  test1   }
gui_list_select -id Data.1 {  {test1.my[7:0]}   }
gui_list_select -id Data.1 {  {test1.mx[7:0]}   }
gui_list_select -id Data.1 {  {test1.tmy[9:0]}   }
gui_list_select -id Data.1 {  {test1.product[15:0]}   }
gui_list_select -id Data.1 {  {test1.p[15:0]}   }
gui_list_select -id Data.1 {  {test1.ce[31:0]}   }
gui_open_window Wave
gui_list_add -id Wave.1 -from Data.1 { {test1.product[15:0]} {test1.ce[31:0]} {test1.p[15:0]} {test1.mx[7:0]} {test1.my[7:0]} {test1.tmy[9:0]} } -insertionbar
gui_sim_continue  
gui_zoom -window Wave.1 -full
gui_zoom -window Wave.1 -factor 2
gui_zoom -window Wave.1 -factor 2
gui_zoom -window Wave.1 -factor 2
gui_zoom -window Wave.1 -factor 2
gui_zoom -window Wave.1 -factor 2
gui_zoom -window Wave.1 -factor 2
gui_zoom -window Wave.1 -factor 2
gui_zoom -window Wave.1 -factor 2
gui_zoom -window Wave.1 -factor 2
gui_zoom -window Wave.1 -factor 2
gui_zoom -window Wave.1 -factor 2
gui_zoom -window Wave.1 -factor 2
gui_zoom -window Wave.1 -factor 2
gui_wv_scroll_hslidermove -id  Wave.1 1413199
gui_marker_move -id  Wave.1 C1 8840319
gui_marker_move -id  Wave.1 C1 8840807
gui_wv_scroll_hslidermove -id  Wave.1 10476289
gui_close_window -window TopLevel.3
#gui_exit

